Postprocessing of LOO analysis


Wrote all consolidated samples to --> "all.pdf"
R^2 = 0.965885118021

############
#Running CommonName with cutoff of 20
############
Figures in folder --> figures/species/
   NOT PRINTED: 1 of 260 --> Alabama Hog Sucker: N = 15 samples --> N < cutoff
Alewife.pdf:2 of 260 -->  35 samples included:  R^2 = 0.683403
   NOT PRINTED: 3 of 260 --> Alligator Gar: N = 15 samples --> N < cutoff
American_Eel.pdf:4 of 260 -->  156 samples included:  R^2 = 0.570441
   NOT PRINTED: 5 of 260 --> American Shad: N = 9 samples --> N < cutoff
   NOT PRINTED: 6 of 260 --> Arctic Grayling: N = 7 samples --> N < cutoff
   NOT PRINTED: 7 of 260 --> Arroyo Chub: N = 2 samples --> N < cutoff
Atlantic_Croaker.pdf:8 of 260 -->  103 samples included:  R^2 = 0.725959
   NOT PRINTED: 9 of 260 --> Atlantic Menhaden: N = 12 samples --> N < cutoff
Atlantic_Rainbow_Smelt.pdf:10 of 260 -->  219 samples included:  R^2 = 0.738809
Atlantic_Salmon.pdf:11 of 260 -->  51 samples included:  R^2 = 0.634307
   NOT PRINTED: 12 of 260 --> Atlantic Sturgeon: N = 3 samples --> N < cutoff
   NOT PRINTED: 13 of 260 --> Barred Sand Bass: N = 3 samples --> N < cutoff
Barred_Surfperch.pdf:14 of 260 -->  23 samples included:  R^2 = 0.758673
   NOT PRINTED: 15 of 260 --> Bat Eagle Ray: N = 3 samples --> N < cutoff
Bigmouth_Buffalo.pdf:16 of 260 -->  306 samples included:  R^2 = 0.670412
   NOT PRINTED: 17 of 260 --> Bigmouth Chub: N = 3 samples --> N < cutoff
Bigscale_Logperch.pdf:18 of 260 -->  40 samples included:  R^2 = 0.504896
   NOT PRINTED: 19 of 260 --> Black Buffalo: N = 4 samples --> N < cutoff
Black_Bullhead.pdf:20 of 260 -->  354 samples included:  R^2 = 0.570977
Black_Crappie.pdf:21 of 260 -->  2953 samples included:  R^2 = 0.706969
Black_Drum.pdf:22 of 260 -->  28 samples included:  R^2 = 0.523571
   NOT PRINTED: 23 of 260 --> Black Perch: N = 10 samples --> N < cutoff
Black_Redhorse.pdf:24 of 260 -->  90 samples included:  R^2 = 0.434479
   NOT PRINTED: 25 of 260 --> Black Rockfish: N = 2 samples --> N < cutoff
Blacknose_Dace.pdf:26 of 260 -->  48 samples included:  R^2 = 0.387309
   NOT PRINTED: 27 of 260 --> Blacktail Redhorse: N = 12 samples --> N < cutoff
   NOT PRINTED: 28 of 260 --> Blacktip Jumprock: N = 4 samples --> N < cutoff
Bloater.pdf:29 of 260 -->  69 samples included:  R^2 = 0.308098
Blue_Catfish.pdf:30 of 260 -->  1321 samples included:  R^2 = 0.617057
Blue_Crab.pdf:31 of 260 -->  153 samples included:  R^2 = 0.738311
   NOT PRINTED: 32 of 260 --> Blue Rockfish: N = 2 samples --> N < cutoff
   NOT PRINTED: 33 of 260 --> Blue Sucker: N = 2 samples --> N < cutoff
   NOT PRINTED: 34 of 260 --> Blue Tilapia: N = 3 samples --> N < cutoff
Bluefish.pdf:35 of 260 -->  88 samples included:  R^2 = 0.794366
Bluegill.pdf:36 of 260 -->  4122 samples included:  R^2 = 0.705162
Bluehead_Chub.pdf:37 of 260 -->  60 samples included:  R^2 = 0.487565
   NOT PRINTED: 38 of 260 --> Bluehead Sucker: N = 20 samples --> N < cutoff
   NOT PRINTED: 39 of 260 --> Bluespotted Sunfish: N = 4 samples --> N < cutoff
   NOT PRINTED: 40 of 260 --> Bluntnose Minnow: N = 8 samples --> N < cutoff
Bowfin.pdf:41 of 260 -->  3520 samples included:  R^2 = 0.517844
Brackish-Water_Corbula.pdf:42 of 260 -->  361 samples included:  R^2 = 0.413788
Bridgelip_Sucker.pdf:43 of 260 -->  33 samples included:  R^2 = 0.714340
Brook_Trout.pdf:44 of 260 -->  549 samples included:  R^2 = 0.810833
Brown_Bullhead.pdf:45 of 260 -->  555 samples included:  R^2 = 0.523037
   NOT PRINTED: 46 of 260 --> Brown Rockfish: N = 5 samples --> N < cutoff
   NOT PRINTED: 47 of 260 --> Brown Smooth-Hound: N = 3 samples --> N < cutoff
Brown_Trout.pdf:48 of 260 -->  963 samples included:  R^2 = 0.740049
   NOT PRINTED: 49 of 260 --> Bull Chub: N = 2 samples --> N < cutoff
   NOT PRINTED: 50 of 260 --> Bull Trout: N = 3 samples --> N < cutoff
Burbot.pdf:51 of 260 -->  81 samples included:  R^2 = 0.615239
California_Flounder.pdf:52 of 260 -->  32 samples included:  R^2 = 0.671949
   NOT PRINTED: 53 of 260 --> California Killifish: N = 2 samples --> N < cutoff
   NOT PRINTED: 54 of 260 --> California Kingcroaker: N = 8 samples --> N < cutoff
California_Roach.pdf:55 of 260 -->  121 samples included:  R^2 = 0.918397
   NOT PRINTED: 56 of 260 --> California Sheephead: N = 3 samples --> N < cutoff
   NOT PRINTED: 57 of 260 --> Californian Anchovy: N = 2 samples --> N < cutoff
   NOT PRINTED: 58 of 260 --> Central Mudminnow: N = 3 samples --> N < cutoff
Central_Stoneroller.pdf:59 of 260 -->  32 samples included:  R^2 = 0.463879
Chain_Pickerel.pdf:60 of 260 -->  887 samples included:  R^2 = 0.716461
Channel_Catfish.pdf:61 of 260 -->  3847 samples included:  R^2 = 0.695476
Chinook_Salmon.pdf:62 of 260 -->  130 samples included:  R^2 = 0.566269
   NOT PRINTED: 63 of 260 --> Chiselmouth: N = 13 samples --> N < cutoff
Cisco.pdf:64 of 260 -->  193 samples included:  R^2 = 0.720794
   NOT PRINTED: 65 of 260 --> Coastal Shiner: N = 12 samples --> N < cutoff
Cobia.pdf:66 of 260 -->  39 samples included:  R^2 = 0.367944
Coho_Salmon.pdf:67 of 260 -->  89 samples included:  R^2 = 0.547803
Common_Carp.pdf:68 of 260 -->  5314 samples included:  R^2 = 0.564511
   NOT PRINTED: 69 of 260 --> Common Shiner: N = 15 samples --> N < cutoff
Common_Snook.pdf:70 of 260 -->  30 samples included:  R^2 = 0.557590
Cottus_Bairdii___C._Beldingi.pdf:71 of 260 -->  37 samples included:  R^2 = 0.103772
Creek_Chub.pdf:72 of 260 -->  213 samples included:  R^2 = 0.696840
Creek_Chubsucker.pdf:73 of 260 -->  50 samples included:  R^2 = 0.467262
   NOT PRINTED: 74 of 260 --> Crevalle Jack: N = 3 samples --> N < cutoff
Cutthroat_Trout.pdf:75 of 260 -->  179 samples included:  R^2 = 0.665602
Desert_Sucker.pdf:76 of 260 -->  52 samples included:  R^2 = 0.663571
   NOT PRINTED: 77 of 260 --> Diamond Turbot: N = 7 samples --> N < cutoff
   NOT PRINTED: 78 of 260 --> Dolly Varden: N = 4 samples --> N < cutoff
   NOT PRINTED: 79 of 260 --> Dungeness Crab: N = 4 samples --> N < cutoff
   NOT PRINTED: 80 of 260 --> Emerald Shiner: N = 3 samples --> N < cutoff
   NOT PRINTED: 81 of 260 --> English Sole: N = 14 samples --> N < cutoff
   NOT PRINTED: 82 of 260 --> Fallfish: N = 12 samples --> N < cutoff
Fathead_Minnow.pdf:83 of 260 -->  30 samples included:  R^2 = 0.768373
Flannelmouth_Sucker.pdf:84 of 260 -->  109 samples included:  R^2 = 0.584664
Flat_Bullhead.pdf:85 of 260 -->  36 samples included:  R^2 = 0.790248
Flathead_Catfish.pdf:86 of 260 -->  810 samples included:  R^2 = 0.750317
   NOT PRINTED: 87 of 260 --> Flathead Chub: N = 9 samples --> N < cutoff
Flathead_Mullet.pdf:88 of 260 -->  102 samples included:  R^2 = 0.705137
Flier.pdf:89 of 260 -->  35 samples included:  R^2 = 0.506547
Florida_Gar.pdf:90 of 260 -->  71 samples included:  R^2 = 0.785780
Freshwater_Drum.pdf:91 of 260 -->  1453 samples included:  R^2 = 0.597118
   NOT PRINTED: 92 of 260 --> Gafftopsail Sea Catfish: N = 2 samples --> N < cutoff
Gizzard_Shad.pdf:93 of 260 -->  346 samples included:  R^2 = 0.673830
Golden_Redhorse.pdf:94 of 260 -->  142 samples included:  R^2 = 0.341888
Golden_Shiner.pdf:95 of 260 -->  64 samples included:  R^2 = 0.511217
   NOT PRINTED: 96 of 260 --> Golden Trout: N = 3 samples --> N < cutoff
Goldeye.pdf:97 of 260 -->  87 samples included:  R^2 = 0.129039
Goldfish.pdf:98 of 260 -->  44 samples included:  R^2 = 0.768834
   NOT PRINTED: 99 of 260 --> Grass Pickerel: N = 4 samples --> N < cutoff
   NOT PRINTED: 100 of 260 --> Gray Weakfish: N = 9 samples --> N < cutoff
   NOT PRINTED: 101 of 260 --> Greater Jumprock: N = 4 samples --> N < cutoff
   NOT PRINTED: 102 of 260 --> Greater Redhorse: N = 19 samples --> N < cutoff
Green_Sunfish.pdf:103 of 260 -->  216 samples included:  R^2 = 0.651469
   NOT PRINTED: 104 of 260 --> Halfmoon: N = 2 samples --> N < cutoff
   NOT PRINTED: 105 of 260 --> Hardhead: N = 12 samples --> N < cutoff
   NOT PRINTED: 106 of 260 --> Hickory Shad: N = 3 samples --> N < cutoff
Hitch.pdf:107 of 260 -->  34 samples included:  R^2 = 0.549168
   NOT PRINTED: 108 of 260 --> Hogchoker: N = 2 samples --> N < cutoff
   NOT PRINTED: 109 of 260 --> Hornyhead Chub: N = 13 samples --> N < cutoff
   NOT PRINTED: 110 of 260 --> Humpback Whitefish: N = 2 samples --> N < cutoff
Hybrid_Striped_Bass.pdf:111 of 260 -->  147 samples included:  R^2 = 0.526082
Inland_Silverside.pdf:112 of 260 -->  559 samples included:  R^2 = 0.463819
Jack_Silverside.pdf:113 of 260 -->  32 samples included:  R^2 = 0.332838
Jenny_Creek_Sucker.pdf:114 of 260 -->  23 samples included:  R^2 = 0.094483
   NOT PRINTED: 115 of 260 --> Johnny Darter: N = 5 samples --> N < cutoff
   NOT PRINTED: 116 of 260 --> Kelp Bass: N = 5 samples --> N < cutoff
King_Mackerel.pdf:117 of 260 -->  80 samples included:  R^2 = 0.437952
   NOT PRINTED: 118 of 260 --> Klamath Largescale Sucker: N = 9 samples --> N < cutoff
   NOT PRINTED: 119 of 260 --> Ladyfish: N = 3 samples --> N < cutoff
   NOT PRINTED: 120 of 260 --> Lake Chubsucker: N = 8 samples --> N < cutoff
   NOT PRINTED: 121 of 260 --> Lake Sturgeon: N = 16 samples --> N < cutoff
Lake_Trout.pdf:122 of 260 -->  1629 samples included:  R^2 = 0.662033
Lake_Whitefish.pdf:123 of 260 -->  264 samples included:  R^2 = 0.477060
Largemouth_Bass.pdf:124 of 260 -->  16558 samples included:  R^2 = 0.736533
Largescale_Sucker.pdf:125 of 260 -->  280 samples included:  R^2 = 0.379347
Leopard_Shark.pdf:126 of 260 -->  47 samples included:  R^2 = 0.433896
   NOT PRINTED: 127 of 260 --> Logperch: N = 3 samples --> N < cutoff
Longear_Sunfish.pdf:128 of 260 -->  139 samples included:  R^2 = 0.429318
   NOT PRINTED: 129 of 260 --> Longnose Dace: N = 11 samples --> N < cutoff
Longnose_Gar.pdf:130 of 260 -->  91 samples included:  R^2 = 0.462560
Longnose_Sucker.pdf:131 of 260 -->  164 samples included:  R^2 = 0.627625
   NOT PRINTED: 132 of 260 --> Marbled Sculpin: N = 10 samples --> N < cutoff
   NOT PRINTED: 133 of 260 --> Margined Madtom: N = 3 samples --> N < cutoff
   NOT PRINTED: 134 of 260 --> Mexican Mojarra: N = 11 samples --> N < cutoff
   NOT PRINTED: 135 of 260 --> Mooneye: N = 5 samples --> N < cutoff
Mosquitofish.pdf:136 of 260 -->  176 samples included:  R^2 = 0.456984
Mottled_Sculpin.pdf:137 of 260 -->  68 samples included:  R^2 = 0.657690
Mountain_Sucker.pdf:138 of 260 -->  27 samples included:  R^2 = 0.699825
Mountain_Whitefish.pdf:139 of 260 -->  152 samples included:  R^2 = 0.594929
   NOT PRINTED: 140 of 260 --> Mud Sunfish: N = 3 samples --> N < cutoff
Muskellunge.pdf:141 of 260 -->  180 samples included:  R^2 = 0.699041
Northern_Hog_Sucker.pdf:142 of 260 -->  194 samples included:  R^2 = 0.667419
Northern_Pike.pdf:143 of 260 -->  9485 samples included:  R^2 = 0.707794
Northern_Pikeminnow.pdf:144 of 260 -->  158 samples included:  R^2 = 0.525065
Northern_Red_Snapper.pdf:145 of 260 -->  37 samples included:  R^2 = 0.340783
   NOT PRINTED: 146 of 260 --> Opaleye: N = 6 samples --> N < cutoff
   NOT PRINTED: 147 of 260 --> Oscar: N = 15 samples --> N < cutoff
   NOT PRINTED: 148 of 260 --> Pacific Angelshark: N = 9 samples --> N < cutoff
   NOT PRINTED: 149 of 260 --> Pacific Staghorn Sculpin: N = 19 samples --> N < cutoff
   NOT PRINTED: 150 of 260 --> Peamouth: N = 8 samples --> N < cutoff
   NOT PRINTED: 151 of 260 --> Pecos Gambusia: N = 5 samples --> N < cutoff
   NOT PRINTED: 152 of 260 --> Pecos Pupfish: N = 12 samples --> N < cutoff
   NOT PRINTED: 153 of 260 --> Pile Perch: N = 2 samples --> N < cutoff
   NOT PRINTED: 154 of 260 --> Pinfish: N = 4 samples --> N < cutoff
   NOT PRINTED: 155 of 260 --> Pirate Perch: N = 2 samples --> N < cutoff
   NOT PRINTED: 156 of 260 --> Plains Killifish: N = 5 samples --> N < cutoff
Prickly_Sculpin.pdf:157 of 260 -->  28 samples included:  R^2 = 0.327220
Pumpkinseed.pdf:158 of 260 -->  331 samples included:  R^2 = 0.631356
   NOT PRINTED: 159 of 260 --> Queen Croaker: N = 3 samples --> N < cutoff
Quillback.pdf:160 of 260 -->  81 samples included:  R^2 = 0.564318
   NOT PRINTED: 161 of 260 --> Rainbow Seaperch: N = 4 samples --> N < cutoff
Rainbow_Trout.pdf:162 of 260 -->  1314 samples included:  R^2 = 0.707871
Red_Drum.pdf:163 of 260 -->  316 samples included:  R^2 = 0.663865
   NOT PRINTED: 164 of 260 --> Red Rock Crab: N = 4 samples --> N < cutoff
Red_Shiner.pdf:165 of 260 -->  32 samples included:  R^2 = 0.015354
Red_Swamp_Crayfish.pdf:166 of 260 -->  35 samples included:  R^2 = 0.280882
Redbreast_Sunfish.pdf:167 of 260 -->  749 samples included:  R^2 = 0.793318
Redear_Sunfish.pdf:168 of 260 -->  2712 samples included:  R^2 = 0.754643
   NOT PRINTED: 169 of 260 --> Redeye Bass: N = 18 samples --> N < cutoff
Redfin_Pickerel.pdf:170 of 260 -->  32 samples included:  R^2 = 0.290172
   NOT PRINTED: 171 of 260 --> Redside Shiner: N = 6 samples --> N < cutoff
   NOT PRINTED: 172 of 260 --> Redtail Surfperch: N = 3 samples --> N < cutoff
Reticulate_Sculpin.pdf:173 of 260 -->  47 samples included:  R^2 = 0.052332
   NOT PRINTED: 174 of 260 --> Riffle Sculpin: N = 14 samples --> N < cutoff
River_Carpsucker.pdf:175 of 260 -->  131 samples included:  R^2 = 0.703696
   NOT PRINTED: 176 of 260 --> River Chub: N = 19 samples --> N < cutoff
   NOT PRINTED: 177 of 260 --> River Redhorse: N = 16 samples --> N < cutoff
   NOT PRINTED: 178 of 260 --> Roanoke Hog Sucker: N = 2 samples --> N < cutoff
Rock_Bass.pdf:179 of 260 -->  1041 samples included:  R^2 = 0.683665
   NOT PRINTED: 180 of 260 --> Rosethorn Rockfish: N = 2 samples --> N < cutoff
   NOT PRINTED: 181 of 260 --> Rosyside Dace: N = 2 samples --> N < cutoff
   NOT PRINTED: 182 of 260 --> Round Goby: N = 6 samples --> N < cutoff
   NOT PRINTED: 183 of 260 --> Round Whitefish: N = 18 samples --> N < cutoff
Roundtail_Chub.pdf:184 of 260 -->  91 samples included:  R^2 = 0.373693
Sacramento_Blackfish.pdf:185 of 260 -->  50 samples included:  R^2 = 0.645767
Sacramento_Pikeminnow.pdf:186 of 260 -->  121 samples included:  R^2 = 0.676147
Sacramento_Sucker.pdf:187 of 260 -->  145 samples included:  R^2 = 0.789429
Sailfin_Molly.pdf:188 of 260 -->  24 samples included:  R^2 = 0.548342
   NOT PRINTED: 189 of 260 --> Sand Tiger Shark: N = 2 samples --> N < cutoff
   NOT PRINTED: 190 of 260 --> Sandhills Chub: N = 2 samples --> N < cutoff
Sauger.pdf:191 of 260 -->  422 samples included:  R^2 = 0.637346
Saugeye_(Sauger-Walleye_Hybrid).pdf:192 of 260 -->  60 samples included:  R^2 = 0.456246
   NOT PRINTED: 193 of 260 --> Seminole Killifish: N = 12 samples --> N < cutoff
Sheepshead_Seabream.pdf:194 of 260 -->  51 samples included:  R^2 = 0.734742
Shimofuri_Goby.pdf:195 of 260 -->  25 samples included:  R^2 = 0.016910
Shiner_Perch.pdf:196 of 260 -->  65 samples included:  R^2 = 0.766678
   NOT PRINTED: 197 of 260 --> Shoal Bass: N = 12 samples --> N < cutoff
Shorthead_Redhorse.pdf:198 of 260 -->  309 samples included:  R^2 = 0.639634
   NOT PRINTED: 199 of 260 --> Shortnose Gar: N = 13 samples --> N < cutoff
Signal_Crayfish.pdf:200 of 260 -->  75 samples included:  R^2 = 0.369830
   NOT PRINTED: 201 of 260 --> Silver Croaker: N = 6 samples --> N < cutoff
   NOT PRINTED: 202 of 260 --> Silver Hake: N = 10 samples --> N < cutoff
Silver_Redhorse.pdf:203 of 260 -->  122 samples included:  R^2 = 0.706658
   NOT PRINTED: 204 of 260 --> Silver Surfperch: N = 2 samples --> N < cutoff
   NOT PRINTED: 205 of 260 --> Slimy Sculpin: N = 3 samples --> N < cutoff
   NOT PRINTED: 206 of 260 --> Smallfin Redhorse: N = 2 samples --> N < cutoff
Smallmouth_Bass.pdf:207 of 260 -->  2840 samples included:  R^2 = 0.698047
Smallmouth_Buffalo.pdf:208 of 260 -->  302 samples included:  R^2 = 0.563190
   NOT PRINTED: 209 of 260 --> Snail Bullhead: N = 17 samples --> N < cutoff
Sockeye_Salmon.pdf:210 of 260 -->  90 samples included:  R^2 = 0.896586
Sonora_Sucker.pdf:211 of 260 -->  24 samples included:  R^2 = 0.323292
Southern_Flounder.pdf:212 of 260 -->  92 samples included:  R^2 = 0.634591
   NOT PRINTED: 213 of 260 --> Southern Kingcroaker: N = 3 samples --> N < cutoff
Spanish_Mackerel.pdf:214 of 260 -->  97 samples included:  R^2 = 0.077030
Speckled_Dace.pdf:215 of 260 -->  171 samples included:  R^2 = 0.752576
   NOT PRINTED: 216 of 260 --> Speckled Sanddab: N = 15 samples --> N < cutoff
Splake.pdf:217 of 260 -->  90 samples included:  R^2 = 0.893290
Spot_Croaker.pdf:218 of 260 -->  102 samples included:  R^2 = 0.560851
   NOT PRINTED: 219 of 260 --> Spotfin Shiner: N = 3 samples --> N < cutoff
Spotted_Bass.pdf:220 of 260 -->  617 samples included:  R^2 = 0.695001
   NOT PRINTED: 221 of 260 --> Spotted Bullhead: N = 9 samples --> N < cutoff
Spotted_Gar.pdf:222 of 260 -->  29 samples included:  R^2 = 0.813820
   NOT PRINTED: 223 of 260 --> Spotted Sand Bass: N = 2 samples --> N < cutoff
Spotted_Sucker.pdf:224 of 260 -->  211 samples included:  R^2 = 0.706921
Spotted_Sunfish.pdf:225 of 260 -->  236 samples included:  R^2 = 0.589689
   NOT PRINTED: 226 of 260 --> Spotted Tilapia: N = 2 samples --> N < cutoff
   NOT PRINTED: 227 of 260 --> Spotted Turbot: N = 5 samples --> N < cutoff
Spotted_Weakfish.pdf:228 of 260 -->  218 samples included:  R^2 = 0.509748
   NOT PRINTED: 229 of 260 --> Starry Flounder: N = 11 samples --> N < cutoff
   NOT PRINTED: 230 of 260 --> Stonecat: N = 8 samples --> N < cutoff
Striped_Bass.pdf:231 of 260 -->  370 samples included:  R^2 = 0.512086
Striped_Sea-Bass.pdf:232 of 260 -->  107 samples included:  R^2 = 0.609128
   NOT PRINTED: 233 of 260 --> Striped Shiner: N = 9 samples --> N < cutoff
Summer_Flounder.pdf:234 of 260 -->  83 samples included:  R^2 = 0.909930
   NOT PRINTED: 235 of 260 --> Suwannee Bass: N = 11 samples --> N < cutoff
   NOT PRINTED: 236 of 260 --> Tahoe Sucker: N = 10 samples --> N < cutoff
Threadfin_Shad.pdf:237 of 260 -->  77 samples included:  R^2 = 0.521395
Three-Spined_Stickleback.pdf:238 of 260 -->  22 samples included:  R^2 = 0.637892
   NOT PRINTED: 239 of 260 --> Tiger Muskellunge: N = 4 samples --> N < cutoff
   NOT PRINTED: 240 of 260 --> Tui Chub: N = 7 samples --> N < cutoff
   NOT PRINTED: 241 of 260 --> Tule Perch: N = 2 samples --> N < cutoff
   NOT PRINTED: 242 of 260 --> Umpqua Pikeminnow: N = 17 samples --> N < cutoff
Utah_Sucker.pdf:243 of 260 -->  27 samples included:  R^2 = 0.400685
   NOT PRINTED: 244 of 260 --> Virile Crayfish: N = 15 samples --> N < cutoff
Walleye.pdf:245 of 260 -->  11730 samples included:  R^2 = 0.723268
   NOT PRINTED: 246 of 260 --> Walleye Surfperch: N = 12 samples --> N < cutoff
Warmouth.pdf:247 of 260 -->  746 samples included:  R^2 = 0.751328
White_Bass.pdf:248 of 260 -->  659 samples included:  R^2 = 0.657542
White_Catfish.pdf:249 of 260 -->  364 samples included:  R^2 = 0.662619
White_Crappie.pdf:250 of 260 -->  1380 samples included:  R^2 = 0.681566
White_Croaker.pdf:251 of 260 -->  61 samples included:  R^2 = 0.738261
White_Perch.pdf:252 of 260 -->  420 samples included:  R^2 = 0.813362
   NOT PRINTED: 253 of 260 --> White Seaperch: N = 6 samples --> N < cutoff
   NOT PRINTED: 254 of 260 --> White Sturgeon: N = 16 samples --> N < cutoff
White_Sucker.pdf:255 of 260 -->  2495 samples included:  R^2 = 0.599813
   NOT PRINTED: 256 of 260 --> Yellow Bass: N = 11 samples --> N < cutoff
Yellow_Bullhead.pdf:257 of 260 -->  397 samples included:  R^2 = 0.680152
Yellow_Perch.pdf:258 of 260 -->  3793 samples included:  R^2 = 0.781563
   NOT PRINTED: 259 of 260 --> Yellowfin Drum: N = 9 samples --> N < cutoff
Yellowfin_Goby.pdf:260 of 260 -->  61 samples included:  R^2 = 0.107324

############
#Running SpC with cutoff of 20
############
Figures in folder --> figures/species_cut/
   NOT PRINTED: 1 of 490 --> 1: N = 3 samples --> N < cutoff
3.pdf:2 of 490 -->  61 samples included:  R^2 = 0.107324
   NOT PRINTED: 3 of 490 --> 4: N = 2 samples --> N < cutoff
   NOT PRINTED: 4 of 490 --> 5: N = 12 samples --> N < cutoff
   NOT PRINTED: 5 of 490 --> 6: N = 2 samples --> N < cutoff
   NOT PRINTED: 6 of 490 --> 7: N = 3 samples --> N < cutoff
   NOT PRINTED: 7 of 490 --> 8: N = 16 samples --> N < cutoff
   NOT PRINTED: 8 of 490 --> 9: N = 13 samples --> N < cutoff
   NOT PRINTED: 9 of 490 --> 12: N = 3 samples --> N < cutoff
   NOT PRINTED: 10 of 490 --> 13: N = 3 samples --> N < cutoff
15.pdf:11 of 490 -->  32 samples included:  R^2 = 0.691514
   NOT PRINTED: 12 of 490 --> 16: N = 9 samples --> N < cutoff
20.pdf:13 of 490 -->  111 samples included:  R^2 = 0.705899
21.pdf:14 of 490 -->  827 samples included:  R^2 = 0.674586
22.pdf:15 of 490 -->  103 samples included:  R^2 = 0.548967
   NOT PRINTED: 16 of 490 --> 23: N = 12 samples --> N < cutoff
   NOT PRINTED: 17 of 490 --> 25: N = 5 samples --> N < cutoff
   NOT PRINTED: 18 of 490 --> 26: N = 4 samples --> N < cutoff
27.pdf:19 of 490 -->  253 samples included:  R^2 = 0.546397
28.pdf:20 of 490 -->  48 samples included:  R^2 = 0.915533
29.pdf:21 of 490 -->  59 samples included:  R^2 = 0.313026
30.pdf:22 of 490 -->  186 samples included:  R^2 = 0.571171
   NOT PRINTED: 23 of 490 --> 31: N = 9 samples --> N < cutoff
32.pdf:24 of 490 -->  159 samples included:  R^2 = 0.555482
   NOT PRINTED: 25 of 490 --> 33: N = 7 samples --> N < cutoff
34.pdf:26 of 490 -->  220 samples included:  R^2 = 0.617004
35.pdf:27 of 490 -->  72 samples included:  R^2 = 0.764744
36.pdf:28 of 490 -->  98 samples included:  R^2 = 0.671951
   NOT PRINTED: 29 of 490 --> 37: N = 16 samples --> N < cutoff
   NOT PRINTED: 30 of 490 --> 38: N = 16 samples --> N < cutoff
39.pdf:31 of 490 -->  204 samples included:  R^2 = 0.527366
40.pdf:32 of 490 -->  161 samples included:  R^2 = 0.493346
41.pdf:33 of 490 -->  158 samples included:  R^2 = 0.444529
   NOT PRINTED: 34 of 490 --> 42: N = 16 samples --> N < cutoff
   NOT PRINTED: 35 of 490 --> 43: N = 7 samples --> N < cutoff
   NOT PRINTED: 36 of 490 --> 44: N = 13 samples --> N < cutoff
   NOT PRINTED: 37 of 490 --> 45: N = 9 samples --> N < cutoff
46.pdf:38 of 490 -->  1100 samples included:  R^2 = 0.472750
47.pdf:39 of 490 -->  2373 samples included:  R^2 = 0.490262
48.pdf:40 of 490 -->  47 samples included:  R^2 = 0.359862
49.pdf:41 of 490 -->  23 samples included:  R^2 = 0.758673
   NOT PRINTED: 42 of 490 --> 50: N = 3 samples --> N < cutoff
   NOT PRINTED: 43 of 490 --> 51: N = 2 samples --> N < cutoff
   NOT PRINTED: 44 of 490 --> 52: N = 5 samples --> N < cutoff
53.pdf:45 of 490 -->  71 samples included:  R^2 = 0.098916
54.pdf:46 of 490 -->  52 samples included:  R^2 = 0.672276
55.pdf:47 of 490 -->  26 samples included:  R^2 = 0.630413
   NOT PRINTED: 48 of 490 --> 56: N = 2 samples --> N < cutoff
57.pdf:49 of 490 -->  1112 samples included:  R^2 = 0.560927
58.pdf:50 of 490 -->  283 samples included:  R^2 = 0.400834
59.pdf:51 of 490 -->  58 samples included:  R^2 = 0.161393
60.pdf:52 of 490 -->  51 samples included:  R^2 = 0.734742
   NOT PRINTED: 53 of 490 --> 62: N = 15 samples --> N < cutoff
   NOT PRINTED: 54 of 490 --> 64: N = 7 samples --> N < cutoff
65.pdf:55 of 490 -->  25 samples included:  R^2 = 0.367489
   NOT PRINTED: 56 of 490 --> 66: N = 2 samples --> N < cutoff
   NOT PRINTED: 57 of 490 --> 67: N = 13 samples --> N < cutoff
   NOT PRINTED: 58 of 490 --> 68: N = 2 samples --> N < cutoff
   NOT PRINTED: 59 of 490 --> 69: N = 4 samples --> N < cutoff
   NOT PRINTED: 60 of 490 --> 70: N = 2 samples --> N < cutoff
   NOT PRINTED: 61 of 490 --> 71: N = 5 samples --> N < cutoff
   NOT PRINTED: 62 of 490 --> 72: N = 7 samples --> N < cutoff
73.pdf:63 of 490 -->  56 samples included:  R^2 = 0.843792
74.pdf:64 of 490 -->  97 samples included:  R^2 = 0.563671
   NOT PRINTED: 65 of 490 --> 75: N = 13 samples --> N < cutoff
   NOT PRINTED: 66 of 490 --> 76: N = 19 samples --> N < cutoff
   NOT PRINTED: 67 of 490 --> 77: N = 2 samples --> N < cutoff
   NOT PRINTED: 68 of 490 --> 78: N = 2 samples --> N < cutoff
   NOT PRINTED: 69 of 490 --> 79: N = 2 samples --> N < cutoff
   NOT PRINTED: 70 of 490 --> 80: N = 2 samples --> N < cutoff
   NOT PRINTED: 71 of 490 --> 82: N = 3 samples --> N < cutoff
   NOT PRINTED: 72 of 490 --> 83: N = 13 samples --> N < cutoff
84.pdf:73 of 490 -->  31 samples included:  R^2 = 0.706245
   NOT PRINTED: 74 of 490 --> 85: N = 2 samples --> N < cutoff
   NOT PRINTED: 75 of 490 --> 86: N = 19 samples --> N < cutoff
87.pdf:76 of 490 -->  25 samples included:  R^2 = 0.378469
88.pdf:77 of 490 -->  87 samples included:  R^2 = 0.651744
   NOT PRINTED: 78 of 490 --> 89: N = 15 samples --> N < cutoff
90.pdf:79 of 490 -->  44 samples included:  R^2 = 0.554303
91.pdf:80 of 490 -->  22 samples included:  R^2 = 0.668025
93.pdf:81 of 490 -->  27 samples included:  R^2 = 0.400685
   NOT PRINTED: 82 of 490 --> 95: N = 10 samples --> N < cutoff
   NOT PRINTED: 83 of 490 --> 96: N = 12 samples --> N < cutoff
   NOT PRINTED: 84 of 490 --> 97: N = 18 samples --> N < cutoff
98.pdf:85 of 490 -->  124 samples included:  R^2 = 0.330897
99.pdf:86 of 490 -->  52 samples included:  R^2 = 0.663571
   NOT PRINTED: 87 of 490 --> 100: N = 10 samples --> N < cutoff
   NOT PRINTED: 88 of 490 --> 101: N = 10 samples --> N < cutoff
   NOT PRINTED: 89 of 490 --> 102: N = 13 samples --> N < cutoff
   NOT PRINTED: 90 of 490 --> 103: N = 10 samples --> N < cutoff
104.pdf:91 of 490 -->  389 samples included:  R^2 = 0.535328
105.pdf:92 of 490 -->  1254 samples included:  R^2 = 0.583862
106.pdf:93 of 490 -->  842 samples included:  R^2 = 0.542609
   NOT PRINTED: 94 of 490 --> 107: N = 2 samples --> N < cutoff
   NOT PRINTED: 95 of 490 --> 108: N = 18 samples --> N < cutoff
109.pdf:96 of 490 -->  24 samples included:  R^2 = 0.323292
110.pdf:97 of 490 -->  21 samples included:  R^2 = 0.000761
111.pdf:98 of 490 -->  88 samples included:  R^2 = 0.428327
   NOT PRINTED: 99 of 490 --> 112: N = 5 samples --> N < cutoff
113.pdf:100 of 490 -->  275 samples included:  R^2 = 0.381494
   NOT PRINTED: 101 of 490 --> 114: N = 19 samples --> N < cutoff
115.pdf:102 of 490 -->  81 samples included:  R^2 = 0.614734
116.pdf:103 of 490 -->  45 samples included:  R^2 = 0.741552
117.pdf:104 of 490 -->  27 samples included:  R^2 = 0.699825
118.pdf:105 of 490 -->  23 samples included:  R^2 = 0.094483
   NOT PRINTED: 106 of 490 --> 119: N = 9 samples --> N < cutoff
   NOT PRINTED: 107 of 490 --> 120: N = 10 samples --> N < cutoff
121.pdf:108 of 490 -->  24 samples included:  R^2 = 0.254632
   NOT PRINTED: 109 of 490 --> 122: N = 11 samples --> N < cutoff
123.pdf:110 of 490 -->  30 samples included:  R^2 = 0.557590
   NOT PRINTED: 111 of 490 --> 124: N = 11 samples --> N < cutoff
   NOT PRINTED: 112 of 490 --> 127: N = 1 samples --> N < cutoff
   NOT PRINTED: 113 of 490 --> 128: N = 14 samples --> N < cutoff
   NOT PRINTED: 114 of 490 --> 131: N = 2 samples --> N < cutoff
133.pdf:115 of 490 -->  39 samples included:  R^2 = 0.778820
134.pdf:116 of 490 -->  146 samples included:  R^2 = 0.698939
   NOT PRINTED: 117 of 490 --> 135: N = 8 samples --> N < cutoff
   NOT PRINTED: 118 of 490 --> 136: N = 3 samples --> N < cutoff
137.pdf:119 of 490 -->  236 samples included:  R^2 = 0.614246
138.pdf:120 of 490 -->  25 samples included:  R^2 = 0.002082
   NOT PRINTED: 121 of 490 --> 139: N = 4 samples --> N < cutoff
140.pdf:122 of 490 -->  65 samples included:  R^2 = 0.295049
   NOT PRINTED: 123 of 490 --> 141: N = 2 samples --> N < cutoff
142.pdf:124 of 490 -->  37 samples included:  R^2 = 0.103772
143.pdf:125 of 490 -->  28 samples included:  R^2 = 0.327220
144.pdf:126 of 490 -->  48 samples included:  R^2 = 0.462156
   NOT PRINTED: 127 of 490 --> 145: N = 20 samples --> N < cutoff
   NOT PRINTED: 128 of 490 --> 146: N = 3 samples --> N < cutoff
   NOT PRINTED: 129 of 490 --> 147: N = 4 samples --> N < cutoff
   NOT PRINTED: 130 of 490 --> 148: N = 10 samples --> N < cutoff
   NOT PRINTED: 131 of 490 --> 149: N = 10 samples --> N < cutoff
150.pdf:132 of 490 -->  47 samples included:  R^2 = 0.052332
   NOT PRINTED: 133 of 490 --> 152: N = 2 samples --> N < cutoff
   NOT PRINTED: 134 of 490 --> 154: N = 20 samples --> N < cutoff
155.pdf:135 of 490 -->  45 samples included:  R^2 = 0.712733
156.pdf:136 of 490 -->  112 samples included:  R^2 = 0.377891
157.pdf:137 of 490 -->  106 samples included:  R^2 = 0.618715
   NOT PRINTED: 138 of 490 --> 159: N = 9 samples --> N < cutoff
160.pdf:139 of 490 -->  32 samples included:  R^2 = 0.015354
   NOT PRINTED: 140 of 490 --> 161: N = 3 samples --> N < cutoff
   NOT PRINTED: 141 of 490 --> 162: N = 12 samples --> N < cutoff
   NOT PRINTED: 142 of 490 --> 164: N = 2 samples --> N < cutoff
165.pdf:143 of 490 -->  1361 samples included:  R^2 = 0.521478
166.pdf:144 of 490 -->  2111 samples included:  R^2 = 0.542384
   NOT PRINTED: 145 of 490 --> 167: N = 2 samples --> N < cutoff
168.pdf:146 of 490 -->  1838 samples included:  R^2 = 0.513603
169.pdf:147 of 490 -->  30 samples included:  R^2 = 0.512870
170.pdf:148 of 490 -->  141 samples included:  R^2 = 0.622887
171.pdf:149 of 490 -->  175 samples included:  R^2 = 0.704683
172.pdf:150 of 490 -->  77 samples included:  R^2 = 0.521395
   NOT PRINTED: 151 of 490 --> 173: N = 3 samples --> N < cutoff
   NOT PRINTED: 152 of 490 --> 174: N = 10 samples --> N < cutoff
   NOT PRINTED: 153 of 490 --> 175: N = 2 samples --> N < cutoff
   NOT PRINTED: 154 of 490 --> 176: N = 4 samples --> N < cutoff
178.pdf:155 of 490 -->  21 samples included:  R^2 = 0.357568
179.pdf:156 of 490 -->  29 samples included:  R^2 = 0.714659
   NOT PRINTED: 157 of 490 --> 180: N = 3 samples --> N < cutoff
   NOT PRINTED: 158 of 490 --> 181: N = 5 samples --> N < cutoff
   NOT PRINTED: 159 of 490 --> 183: N = 19 samples --> N < cutoff
   NOT PRINTED: 160 of 490 --> 184: N = 13 samples --> N < cutoff
   NOT PRINTED: 161 of 490 --> 185: N = 4 samples --> N < cutoff
188.pdf:162 of 490 -->  1214 samples included:  R^2 = 0.585615
189.pdf:163 of 490 -->  7725 samples included:  R^2 = 0.719448
190.pdf:164 of 490 -->  546 samples included:  R^2 = 0.552457
   NOT PRINTED: 165 of 490 --> 191: N = 4 samples --> N < cutoff
   NOT PRINTED: 166 of 490 --> 192: N = 4 samples --> N < cutoff
193.pdf:167 of 490 -->  176 samples included:  R^2 = 0.705774
195.pdf:168 of 490 -->  68 samples included:  R^2 = 0.614081
196.pdf:169 of 490 -->  780 samples included:  R^2 = 0.727130
197.pdf:170 of 490 -->  39 samples included:  R^2 = 0.680180
   NOT PRINTED: 171 of 490 --> 198: N = 5 samples --> N < cutoff
   NOT PRINTED: 172 of 490 --> 199: N = 2 samples --> N < cutoff
   NOT PRINTED: 173 of 490 --> 200: N = 12 samples --> N < cutoff
   NOT PRINTED: 174 of 490 --> 201: N = 5 samples --> N < cutoff
202.pdf:175 of 490 -->  58 samples included:  R^2 = 0.393559
203.pdf:176 of 490 -->  118 samples included:  R^2 = 0.456503
   NOT PRINTED: 177 of 490 --> 204: N = 5 samples --> N < cutoff
205.pdf:178 of 490 -->  22 samples included:  R^2 = 0.637892
   NOT PRINTED: 179 of 490 --> 206: N = 15 samples --> N < cutoff
207.pdf:180 of 490 -->  44 samples included:  R^2 = 0.779870
   NOT PRINTED: 181 of 490 --> 208: N = 2 samples --> N < cutoff
   NOT PRINTED: 182 of 490 --> 209: N = 4 samples --> N < cutoff
   NOT PRINTED: 183 of 490 --> 210: N = 3 samples --> N < cutoff
   NOT PRINTED: 184 of 490 --> 211: N = 2 samples --> N < cutoff
212.pdf:185 of 490 -->  91 samples included:  R^2 = 0.373693
   NOT PRINTED: 186 of 490 --> 213: N = 6 samples --> N < cutoff
214.pdf:187 of 490 -->  121 samples included:  R^2 = 0.918397
   NOT PRINTED: 188 of 490 --> 215: N = 6 samples --> N < cutoff
216.pdf:189 of 490 -->  81 samples included:  R^2 = 0.110634
   NOT PRINTED: 190 of 490 --> 217: N = 2 samples --> N < cutoff
   NOT PRINTED: 191 of 490 --> 219: N = 3 samples --> N < cutoff
   NOT PRINTED: 192 of 490 --> 220: N = 15 samples --> N < cutoff
   NOT PRINTED: 193 of 490 --> 221: N = 17 samples --> N < cutoff
222.pdf:194 of 490 -->  138 samples included:  R^2 = 0.717310
223.pdf:195 of 490 -->  39 samples included:  R^2 = 0.382596
   NOT PRINTED: 196 of 490 --> 224: N = 2 samples --> N < cutoff
   NOT PRINTED: 197 of 490 --> 226: N = 12 samples --> N < cutoff
   NOT PRINTED: 198 of 490 --> 227: N = 2 samples --> N < cutoff
   NOT PRINTED: 199 of 490 --> 230: N = 7 samples --> N < cutoff
   NOT PRINTED: 200 of 490 --> 231: N = 4 samples --> N < cutoff
   NOT PRINTED: 201 of 490 --> 232: N = 2 samples --> N < cutoff
233.pdf:202 of 490 -->  1274 samples included:  R^2 = 0.606203
   NOT PRINTED: 203 of 490 --> 234: N = 16 samples --> N < cutoff
235.pdf:204 of 490 -->  31 samples included:  R^2 = 0.464153
   NOT PRINTED: 205 of 490 --> 236: N = 2 samples --> N < cutoff
   NOT PRINTED: 206 of 490 --> 237: N = 5 samples --> N < cutoff
238.pdf:207 of 490 -->  3077 samples included:  R^2 = 0.661582
239.pdf:208 of 490 -->  179 samples included:  R^2 = 0.799880
240.pdf:209 of 490 -->  584 samples included:  R^2 = 0.681633
241.pdf:210 of 490 -->  158 samples included:  R^2 = 0.566308
242.pdf:211 of 490 -->  69 samples included:  R^2 = 0.447189
243.pdf:212 of 490 -->  75 samples included:  R^2 = 0.404635
244.pdf:213 of 490 -->  215 samples included:  R^2 = 0.688284
245.pdf:214 of 490 -->  62 samples included:  R^2 = 0.607173
246.pdf:215 of 490 -->  29 samples included:  R^2 = 0.285935
   NOT PRINTED: 216 of 490 --> 248: N = 4 samples --> N < cutoff
   NOT PRINTED: 217 of 490 --> 249: N = 4 samples --> N < cutoff
   NOT PRINTED: 218 of 490 --> 250: N = 2 samples --> N < cutoff
   NOT PRINTED: 219 of 490 --> 251: N = 6 samples --> N < cutoff
252.pdf:220 of 490 -->  21 samples included:  R^2 = 0.191375
   NOT PRINTED: 221 of 490 --> 253: N = 5 samples --> N < cutoff
254.pdf:222 of 490 -->  102 samples included:  R^2 = 0.560851
   NOT PRINTED: 223 of 490 --> 255: N = 9 samples --> N < cutoff
   NOT PRINTED: 224 of 490 --> 256: N = 12 samples --> N < cutoff
   NOT PRINTED: 225 of 490 --> 258: N = 3 samples --> N < cutoff
   NOT PRINTED: 226 of 490 --> 259: N = 19 samples --> N < cutoff
261.pdf:227 of 490 -->  69 samples included:  R^2 = 0.462256
   NOT PRINTED: 228 of 490 --> 262: N = 3 samples --> N < cutoff
   NOT PRINTED: 229 of 490 --> 263: N = 10 samples --> N < cutoff
264.pdf:230 of 490 -->  71 samples included:  R^2 = 0.785780
   NOT PRINTED: 231 of 490 --> 265: N = 8 samples --> N < cutoff
   NOT PRINTED: 232 of 490 --> 267: N = 11 samples --> N < cutoff
268.pdf:233 of 490 -->  705 samples included:  R^2 = 0.816793
269.pdf:234 of 490 -->  33 samples included:  R^2 = 0.078349
270.pdf:235 of 490 -->  44 samples included:  R^2 = 0.275405
271.pdf:236 of 490 -->  40 samples included:  R^2 = 0.857050
272.pdf:237 of 490 -->  132 samples included:  R^2 = 0.573484
   NOT PRINTED: 238 of 490 --> 273: N = 2 samples --> N < cutoff
   NOT PRINTED: 239 of 490 --> 274: N = 9 samples --> N < cutoff
   NOT PRINTED: 240 of 490 --> 275: N = 14 samples --> N < cutoff
276.pdf:241 of 490 -->  230 samples included:  R^2 = 0.594146
277.pdf:242 of 490 -->  76 samples included:  R^2 = 0.712862
278.pdf:243 of 490 -->  36 samples included:  R^2 = 0.788129
279.pdf:244 of 490 -->  515 samples included:  R^2 = 0.759236
280.pdf:245 of 490 -->  195 samples included:  R^2 = 0.678071
   NOT PRINTED: 246 of 490 --> 282: N = 2 samples --> N < cutoff
   NOT PRINTED: 247 of 490 --> 284: N = 19 samples --> N < cutoff
285.pdf:248 of 490 -->  356 samples included:  R^2 = 0.678887
286.pdf:249 of 490 -->  2834 samples included:  R^2 = 0.721780
287.pdf:250 of 490 -->  911 samples included:  R^2 = 0.671144
   NOT PRINTED: 251 of 490 --> 288: N = 3 samples --> N < cutoff
289.pdf:252 of 490 -->  42 samples included:  R^2 = 0.454196
290.pdf:253 of 490 -->  94 samples included:  R^2 = 0.363417
291.pdf:254 of 490 -->  204 samples included:  R^2 = 0.749416
292.pdf:255 of 490 -->  2081 samples included:  R^2 = 0.763900
293.pdf:256 of 490 -->  427 samples included:  R^2 = 0.525469
294.pdf:257 of 490 -->  30 samples included:  R^2 = 0.489356
295.pdf:258 of 490 -->  206 samples included:  R^2 = 0.466152
   NOT PRINTED: 259 of 490 --> 296: N = 19 samples --> N < cutoff
297.pdf:260 of 490 -->  37 samples included:  R^2 = 0.660087
298.pdf:261 of 490 -->  26 samples included:  R^2 = 0.446292
   NOT PRINTED: 262 of 490 --> 299: N = 18 samples --> N < cutoff
300.pdf:263 of 490 -->  37 samples included:  R^2 = 0.340783
   NOT PRINTED: 264 of 490 --> 302: N = 9 samples --> N < cutoff
   NOT PRINTED: 265 of 490 --> 303: N = 15 samples --> N < cutoff
   NOT PRINTED: 266 of 490 --> 304: N = 2 samples --> N < cutoff
305.pdf:267 of 490 -->  559 samples included:  R^2 = 0.463819
   NOT PRINTED: 268 of 490 --> 306: N = 3 samples --> N < cutoff
   NOT PRINTED: 269 of 490 --> 307: N = 8 samples --> N < cutoff
   NOT PRINTED: 270 of 490 --> 308: N = 10 samples --> N < cutoff
309.pdf:271 of 490 -->  103 samples included:  R^2 = 0.725959
   NOT PRINTED: 272 of 490 --> 311: N = 12 samples --> N < cutoff
   NOT PRINTED: 273 of 490 --> 312: N = 3 samples --> N < cutoff
   NOT PRINTED: 274 of 490 --> 313: N = 15 samples --> N < cutoff
   NOT PRINTED: 275 of 490 --> 314: N = 14 samples --> N < cutoff
316.pdf:276 of 490 -->  496 samples included:  R^2 = 0.645216
317.pdf:277 of 490 -->  1733 samples included:  R^2 = 0.720605
318.pdf:278 of 490 -->  264 samples included:  R^2 = 0.627794
319.pdf:279 of 490 -->  331 samples included:  R^2 = 0.386167
   NOT PRINTED: 280 of 490 --> 320: N = 2 samples --> N < cutoff
   NOT PRINTED: 281 of 490 --> 321: N = 11 samples --> N < cutoff
322.pdf:282 of 490 -->  348 samples included:  R^2 = 0.658142
323.pdf:283 of 490 -->  241 samples included:  R^2 = 0.514764
324.pdf:284 of 490 -->  28 samples included:  R^2 = 0.237955
326.pdf:285 of 490 -->  24 samples included:  R^2 = 0.280469
   NOT PRINTED: 286 of 490 --> 328: N = 7 samples --> N < cutoff
329.pdf:287 of 490 -->  5792 samples included:  R^2 = 0.708556
330.pdf:288 of 490 -->  10043 samples included:  R^2 = 0.742467
   NOT PRINTED: 289 of 490 --> 331: N = 1 samples --> N < cutoff
332.pdf:290 of 490 -->  691 samples included:  R^2 = 0.623295
333.pdf:291 of 490 -->  23 samples included:  R^2 = 0.655540
334.pdf:292 of 490 -->  125 samples included:  R^2 = 0.749278
335.pdf:293 of 490 -->  63 samples included:  R^2 = 0.365335
   NOT PRINTED: 294 of 490 --> 336: N = 14 samples --> N < cutoff
   NOT PRINTED: 295 of 490 --> 337: N = 2 samples --> N < cutoff
338.pdf:296 of 490 -->  46 samples included:  R^2 = 0.586016
339.pdf:297 of 490 -->  286 samples included:  R^2 = 0.805813
341.pdf:298 of 490 -->  72 samples included:  R^2 = 0.831171
342.pdf:299 of 490 -->  197 samples included:  R^2 = 0.668115
343.pdf:300 of 490 -->  408 samples included:  R^2 = 0.567809
344.pdf:301 of 490 -->  54 samples included:  R^2 = 0.561689
345.pdf:302 of 490 -->  143 samples included:  R^2 = 0.525661
   NOT PRINTED: 303 of 490 --> 346: N = 4 samples --> N < cutoff
   NOT PRINTED: 304 of 490 --> 347: N = 9 samples --> N < cutoff
   NOT PRINTED: 305 of 490 --> 348: N = 2 samples --> N < cutoff
350.pdf:306 of 490 -->  135 samples included:  R^2 = 0.472097
351.pdf:307 of 490 -->  298 samples included:  R^2 = 0.560728
352.pdf:308 of 490 -->  44 samples included:  R^2 = 0.533924
353.pdf:309 of 490 -->  36 samples included:  R^2 = 0.603280
354.pdf:310 of 490 -->  58 samples included:  R^2 = 0.668859
355.pdf:311 of 490 -->  28 samples included:  R^2 = 0.239752
   NOT PRINTED: 312 of 490 --> 356: N = 8 samples --> N < cutoff
   NOT PRINTED: 313 of 490 --> 357: N = 8 samples --> N < cutoff
   NOT PRINTED: 314 of 490 --> 358: N = 4 samples --> N < cutoff
360.pdf:315 of 490 -->  71 samples included:  R^2 = 0.437906
   NOT PRINTED: 316 of 490 --> 361: N = 19 samples --> N < cutoff
   NOT PRINTED: 317 of 490 --> 362: N = 9 samples --> N < cutoff
363.pdf:318 of 490 -->  109 samples included:  R^2 = 0.335126
364.pdf:319 of 490 -->  24 samples included:  R^2 = 0.305494
   NOT PRINTED: 320 of 490 --> 365: N = 4 samples --> N < cutoff
366.pdf:321 of 490 -->  83 samples included:  R^2 = 0.574956
367.pdf:322 of 490 -->  96 samples included:  R^2 = 0.587513
368.pdf:323 of 490 -->  130 samples included:  R^2 = 0.470527
   NOT PRINTED: 324 of 490 --> 369: N = 3 samples --> N < cutoff
   NOT PRINTED: 325 of 490 --> 370: N = 9 samples --> N < cutoff
   NOT PRINTED: 326 of 490 --> 371: N = 2 samples --> N < cutoff
   NOT PRINTED: 327 of 490 --> 373: N = 19 samples --> N < cutoff
374.pdf:328 of 490 -->  65 samples included:  R^2 = 0.709873
375.pdf:329 of 490 -->  37 samples included:  R^2 = 0.694316
   NOT PRINTED: 330 of 490 --> 377: N = 3 samples --> N < cutoff
   NOT PRINTED: 331 of 490 --> 378: N = 3 samples --> N < cutoff
   NOT PRINTED: 332 of 490 --> 379: N = 8 samples --> N < cutoff
   NOT PRINTED: 333 of 490 --> 380: N = 3 samples --> N < cutoff
   NOT PRINTED: 334 of 490 --> 381: N = 9 samples --> N < cutoff
   NOT PRINTED: 335 of 490 --> 383: N = 6 samples --> N < cutoff
   NOT PRINTED: 336 of 490 --> 384: N = 13 samples --> N < cutoff
   NOT PRINTED: 337 of 490 --> 385: N = 18 samples --> N < cutoff
386.pdf:338 of 490 -->  42 samples included:  R^2 = 0.745358
   NOT PRINTED: 339 of 490 --> 387: N = 5 samples --> N < cutoff
   NOT PRINTED: 340 of 490 --> 388: N = 14 samples --> N < cutoff
   NOT PRINTED: 341 of 490 --> 389: N = 3 samples --> N < cutoff
   NOT PRINTED: 342 of 490 --> 390: N = 2 samples --> N < cutoff
   NOT PRINTED: 343 of 490 --> 392: N = 2 samples --> N < cutoff
393.pdf:344 of 490 -->  62 samples included:  R^2 = 0.501233
   NOT PRINTED: 345 of 490 --> 394: N = 3 samples --> N < cutoff
   NOT PRINTED: 346 of 490 --> 396: N = 12 samples --> N < cutoff
   NOT PRINTED: 347 of 490 --> 398: N = 3 samples --> N < cutoff
   NOT PRINTED: 348 of 490 --> 399: N = 5 samples --> N < cutoff
   NOT PRINTED: 349 of 490 --> 400: N = 3 samples --> N < cutoff
   NOT PRINTED: 350 of 490 --> 401: N = 3 samples --> N < cutoff
   NOT PRINTED: 351 of 490 --> 402: N = 20 samples --> N < cutoff
403.pdf:352 of 490 -->  57 samples included:  R^2 = 0.477952
404.pdf:353 of 490 -->  102 samples included:  R^2 = 0.658063
405.pdf:354 of 490 -->  89 samples included:  R^2 = 0.547803
408.pdf:355 of 490 -->  72 samples included:  R^2 = 0.720358
409.pdf:356 of 490 -->  448 samples included:  R^2 = 0.670284
410.pdf:357 of 490 -->  306 samples included:  R^2 = 0.707673
411.pdf:358 of 490 -->  488 samples included:  R^2 = 0.620618
413.pdf:359 of 490 -->  90 samples included:  R^2 = 0.896586
   NOT PRINTED: 360 of 490 --> 414: N = 3 samples --> N < cutoff
415.pdf:361 of 490 -->  119 samples included:  R^2 = 0.607544
   NOT PRINTED: 362 of 490 --> 416: N = 8 samples --> N < cutoff
   NOT PRINTED: 363 of 490 --> 420: N = 15 samples --> N < cutoff
   NOT PRINTED: 364 of 490 --> 421: N = 3 samples --> N < cutoff
   NOT PRINTED: 365 of 490 --> 422: N = 20 samples --> N < cutoff
423.pdf:366 of 490 -->  23 samples included:  R^2 = 0.030880
   NOT PRINTED: 367 of 490 --> 424: N = 7 samples --> N < cutoff
427.pdf:368 of 490 -->  118 samples included:  R^2 = 0.697383
428.pdf:369 of 490 -->  101 samples included:  R^2 = 0.734147
429.pdf:370 of 490 -->  75 samples included:  R^2 = 0.369830
   NOT PRINTED: 371 of 490 --> 430: N = 5 samples --> N < cutoff
   NOT PRINTED: 372 of 490 --> 431: N = 2 samples --> N < cutoff
   NOT PRINTED: 373 of 490 --> 434: N = 3 samples --> N < cutoff
435.pdf:374 of 490 -->  21 samples included:  R^2 = 0.171428
   NOT PRINTED: 375 of 490 --> 436: N = 11 samples --> N < cutoff
437.pdf:376 of 490 -->  30 samples included:  R^2 = 0.908136
438.pdf:377 of 490 -->  22 samples included:  R^2 = 0.916066
439.pdf:378 of 490 -->  31 samples included:  R^2 = 0.845381
   NOT PRINTED: 379 of 490 --> 440: N = 16 samples --> N < cutoff
441.pdf:380 of 490 -->  76 samples included:  R^2 = 0.558775
   NOT PRINTED: 381 of 490 --> 443: N = 14 samples --> N < cutoff
   NOT PRINTED: 382 of 490 --> 444: N = 16 samples --> N < cutoff
445.pdf:383 of 490 -->  47 samples included:  R^2 = 0.576265
446.pdf:384 of 490 -->  625 samples included:  R^2 = 0.663373
447.pdf:385 of 490 -->  2190 samples included:  R^2 = 0.773267
448.pdf:386 of 490 -->  915 samples included:  R^2 = 0.637419
   NOT PRINTED: 387 of 490 --> 449: N = 3 samples --> N < cutoff
450.pdf:388 of 490 -->  40 samples included:  R^2 = 0.504896
   NOT PRINTED: 389 of 490 --> 453: N = 6 samples --> N < cutoff
   NOT PRINTED: 390 of 490 --> 454: N = 8 samples --> N < cutoff
455.pdf:391 of 490 -->  30 samples included:  R^2 = 0.768373
   NOT PRINTED: 392 of 490 --> 456: N = 2 samples --> N < cutoff
   NOT PRINTED: 393 of 490 --> 457: N = 9 samples --> N < cutoff
   NOT PRINTED: 394 of 490 --> 458: N = 9 samples --> N < cutoff
   NOT PRINTED: 395 of 490 --> 459: N = 5 samples --> N < cutoff
460.pdf:396 of 490 -->  24 samples included:  R^2 = 0.548342
   NOT PRINTED: 397 of 490 --> 461: N = 13 samples --> N < cutoff
   NOT PRINTED: 398 of 490 --> 462: N = 15 samples --> N < cutoff
465.pdf:399 of 490 -->  41 samples included:  R^2 = 0.843528
466.pdf:400 of 490 -->  47 samples included:  R^2 = 0.716186
   NOT PRINTED: 401 of 490 --> 468: N = 2 samples --> N < cutoff
   NOT PRINTED: 402 of 490 --> 469: N = 8 samples --> N < cutoff
470.pdf:403 of 490 -->  871 samples included:  R^2 = 0.613541
471.pdf:404 of 490 -->  353 samples included:  R^2 = 0.697085
472.pdf:405 of 490 -->  146 samples included:  R^2 = 0.605912
   NOT PRINTED: 406 of 490 --> 473: N = 6 samples --> N < cutoff
474.pdf:407 of 490 -->  991 samples included:  R^2 = 0.686033
475.pdf:408 of 490 -->  1858 samples included:  R^2 = 0.707418
476.pdf:409 of 490 -->  98 samples included:  R^2 = 0.335756
477.pdf:410 of 490 -->  361 samples included:  R^2 = 0.413788
478.pdf:411 of 490 -->  35 samples included:  R^2 = 0.280882
   NOT PRINTED: 412 of 490 --> 479: N = 18 samples --> N < cutoff
   NOT PRINTED: 413 of 490 --> 480: N = 3 samples --> N < cutoff
   NOT PRINTED: 414 of 490 --> 481: N = 5 samples --> N < cutoff
   NOT PRINTED: 415 of 490 --> 482: N = 5 samples --> N < cutoff
483.pdf:416 of 490 -->  139 samples included:  R^2 = 0.554840
   NOT PRINTED: 417 of 490 --> 484: N = 2 samples --> N < cutoff
   NOT PRINTED: 418 of 490 --> 485: N = 8 samples --> N < cutoff
486.pdf:419 of 490 -->  100 samples included:  R^2 = 0.688045
   NOT PRINTED: 420 of 490 --> 487: N = 11 samples --> N < cutoff
   NOT PRINTED: 421 of 490 --> 488: N = 5 samples --> N < cutoff
   NOT PRINTED: 422 of 490 --> 489: N = 11 samples --> N < cutoff
490.pdf:423 of 490 -->  142 samples included:  R^2 = 0.450096
   NOT PRINTED: 424 of 490 --> 491: N = 17 samples --> N < cutoff
492.pdf:425 of 490 -->  746 samples included:  R^2 = 0.752289
493.pdf:426 of 490 -->  26 samples included:  R^2 = 0.760214
494.pdf:427 of 490 -->  38 samples included:  R^2 = 0.299374
495.pdf:428 of 490 -->  39 samples included:  R^2 = 0.367944
   NOT PRINTED: 429 of 490 --> 496: N = 2 samples --> N < cutoff
497.pdf:430 of 490 -->  46 samples included:  R^2 = 0.220010
   NOT PRINTED: 431 of 490 --> 498: N = 2 samples --> N < cutoff
   NOT PRINTED: 432 of 490 --> 499: N = 5 samples --> N < cutoff
   NOT PRINTED: 433 of 490 --> 500: N = 6 samples --> N < cutoff
501.pdf:434 of 490 -->  24 samples included:  R^2 = 0.000742
502.pdf:435 of 490 -->  147 samples included:  R^2 = 0.699667
   NOT PRINTED: 436 of 490 --> 503: N = 6 samples --> N < cutoff
   NOT PRINTED: 437 of 490 --> 504: N = 20 samples --> N < cutoff
   NOT PRINTED: 438 of 490 --> 505: N = 14 samples --> N < cutoff
   NOT PRINTED: 439 of 490 --> 506: N = 17 samples --> N < cutoff
   NOT PRINTED: 440 of 490 --> 508: N = 5 samples --> N < cutoff
   NOT PRINTED: 441 of 490 --> 509: N = 13 samples --> N < cutoff
510.pdf:442 of 490 -->  105 samples included:  R^2 = 0.615172
511.pdf:443 of 490 -->  477 samples included:  R^2 = 0.749258
512.pdf:444 of 490 -->  363 samples included:  R^2 = 0.662162
   NOT PRINTED: 445 of 490 --> 513: N = 3 samples --> N < cutoff
514.pdf:446 of 490 -->  66 samples included:  R^2 = 0.296185
515.pdf:447 of 490 -->  123 samples included:  R^2 = 0.825557
516.pdf:448 of 490 -->  360 samples included:  R^2 = 0.830286
518.pdf:449 of 490 -->  83 samples included:  R^2 = 0.886510
   NOT PRINTED: 450 of 490 --> 519: N = 7 samples --> N < cutoff
   NOT PRINTED: 451 of 490 --> 520: N = 4 samples --> N < cutoff
   NOT PRINTED: 452 of 490 --> 521: N = 14 samples --> N < cutoff
523.pdf:453 of 490 -->  78 samples included:  R^2 = 0.289715
524.pdf:454 of 490 -->  1433 samples included:  R^2 = 0.691530
525.pdf:455 of 490 -->  104 samples included:  R^2 = 0.356442
526.pdf:456 of 490 -->  63 samples included:  R^2 = 0.565718
527.pdf:457 of 490 -->  282 samples included:  R^2 = 0.589373
528.pdf:458 of 490 -->  77 samples included:  R^2 = 0.376355
   NOT PRINTED: 459 of 490 --> 529: N = 4 samples --> N < cutoff
530.pdf:460 of 490 -->  56 samples included:  R^2 = 0.494198
   NOT PRINTED: 461 of 490 --> 531: N = 2 samples --> N < cutoff
532.pdf:462 of 490 -->  1160 samples included:  R^2 = 0.741470
533.pdf:463 of 490 -->  10140 samples included:  R^2 = 0.727683
534.pdf:464 of 490 -->  428 samples included:  R^2 = 0.436934
536.pdf:465 of 490 -->  171 samples included:  R^2 = 0.647288
537.pdf:466 of 490 -->  116 samples included:  R^2 = 0.737807
538.pdf:467 of 490 -->  29 samples included:  R^2 = 0.284290
539.pdf:468 of 490 -->  80 samples included:  R^2 = 0.437952
   NOT PRINTED: 469 of 490 --> 540: N = 9 samples --> N < cutoff
541.pdf:470 of 490 -->  88 samples included:  R^2 = 0.454313
   NOT PRINTED: 471 of 490 --> 543: N = 5 samples --> N < cutoff
   NOT PRINTED: 472 of 490 --> 545: N = 2 samples --> N < cutoff
   NOT PRINTED: 473 of 490 --> 547: N = 2 samples --> N < cutoff
   NOT PRINTED: 474 of 490 --> 548: N = 2 samples --> N < cutoff
   NOT PRINTED: 475 of 490 --> 549: N = 3 samples --> N < cutoff
550.pdf:476 of 490 -->  47 samples included:  R^2 = 0.493480
   NOT PRINTED: 477 of 490 --> 551: N = 5 samples --> N < cutoff
552.pdf:478 of 490 -->  161 samples included:  R^2 = 0.536995
   NOT PRINTED: 479 of 490 --> 553: N = 2 samples --> N < cutoff
   NOT PRINTED: 480 of 490 --> 554: N = 10 samples --> N < cutoff
   NOT PRINTED: 481 of 490 --> 555: N = 2 samples --> N < cutoff
   NOT PRINTED: 482 of 490 --> 556: N = 3 samples --> N < cutoff
   NOT PRINTED: 483 of 490 --> 557: N = 9 samples --> N < cutoff
   NOT PRINTED: 484 of 490 --> 560: N = 7 samples --> N < cutoff
   NOT PRINTED: 485 of 490 --> 561: N = 2 samples --> N < cutoff
562.pdf:486 of 490 -->  47 samples included:  R^2 = 0.433896
563.pdf:487 of 490 -->  25 samples included:  R^2 = 0.016910
   NOT PRINTED: 488 of 490 --> 565: N = 2 samples --> N < cutoff
   NOT PRINTED: 489 of 490 --> 566: N = 3 samples --> N < cutoff
   NOT PRINTED: 490 of 490 --> 567: N = 9 samples --> N < cutoff

############
#Running DataSource with cutoff of 20
############
Figures in folder --> figures/data_source/
CDFG-CL.pdf:1 of 43 -->  269 samples included:  R^2 = 0.570171
CFCP.pdf:2 of 43 -->  199 samples included:  R^2 = 0.747243
CalFed.pdf:3 of 43 -->  785 samples included:  R^2 = 0.634370
DMRWQN.pdf:4 of 43 -->  76 samples included:  R^2 = 0.410715
DeNREC.pdf:5 of 43 -->  104 samples included:  R^2 = 0.705630
EMAP_West.pdf:6 of 43 -->  75 samples included:  R^2 = 0.440554
GaDNR.pdf:7 of 43 -->  2233 samples included:  R^2 = 0.769324
IaDNR.pdf:8 of 43 -->  353 samples included:  R^2 = 0.510031
InDEM.pdf:9 of 43 -->  2813 samples included:  R^2 = 0.648929
LaDEQ.pdf:10 of 43 -->  9901 samples included:  R^2 = 0.701008
MnPCA.pdf:11 of 43 -->  19521 samples included:  R^2 = 0.764635
NCBP.pdf:12 of 43 -->  2762 samples included:  R^2 = 0.577505
NFTS.pdf:13 of 43 -->  27 samples included:  R^2 = 0.665654
NFTS-Lakes.pdf:14 of 43 -->  395 samples included:  R^2 = 0.542725
NLFWA.pdf:15 of 43 -->  15215 samples included:  R^2 = 0.810117
NyDEC.pdf:16 of 43 -->  3713 samples included:  R^2 = 0.758223
ORSANCO.pdf:17 of 43 -->  350 samples included:  R^2 = 0.319353
OhEPA.pdf:18 of 43 -->  2370 samples included:  R^2 = 0.469686
RMP.pdf:19 of 43 -->  240 samples included:  R^2 = 0.887937
SFWMD.pdf:20 of 43 -->  2226 samples included:  R^2 = 0.778533
ScDHEC.pdf:21 of 43 -->  12492 samples included:  R^2 = 0.825933
TSMP.pdf:22 of 43 -->  80 samples included:  R^2 = 0.523816
UCD-CL.pdf:23 of 43 -->  67 samples included:  R^2 = 0.339368
UCDavis1.pdf:24 of 43 -->  205 samples included:  R^2 = 0.424001
   NOT PRINTED: 25 of 43 --> UCDavis2: N = 16 samples --> N < cutoff
UCDavis3.pdf:26 of 43 -->  1342 samples included:  R^2 = 0.551910
UCDavis4.pdf:27 of 43 -->  223 samples included:  R^2 = 0.800012
UCDavis5.pdf:28 of 43 -->  349 samples included:  R^2 = 0.898819
UCDavis6.pdf:29 of 43 -->  22 samples included:  R^2 = 0.454318
UCDavis7.pdf:30 of 43 -->  45 samples included:  R^2 = 0.757482
UCDavis9.pdf:31 of 43 -->  45 samples included:  R^2 = 0.301827
USFWS.pdf:32 of 43 -->  1250 samples included:  R^2 = 0.825390
USGS_Natoma.pdf:33 of 43 -->  228 samples included:  R^2 = 0.770533
USGS_Trinity.pdf:34 of 43 -->  132 samples included:  R^2 = 0.740603
USGS-BEST.pdf:35 of 43 -->  299 samples included:  R^2 = 0.644358
USGS-NS.pdf:36 of 43 -->  353 samples included:  R^2 = 0.799297
USGS-St._Croix.pdf:37 of 43 -->  190 samples included:  R^2 = 0.856679
USGS-TS.pdf:38 of 43 -->  600 samples included:  R^2 = 0.777777
VaDEQ.pdf:39 of 43 -->  1930 samples included:  R^2 = 0.688611
WA_Ecology.pdf:40 of 43 -->  659 samples included:  R^2 = 0.754467
Wemap.pdf:41 of 43 -->  2581 samples included:  R^2 = 0.706717
WiDNR.pdf:42 of 43 -->  11672 samples included:  R^2 = 0.737113
WvDNR_or_DEP.pdf:43 of 43 -->  417 samples included:  R^2 = 0.542301
